\BOOKMARK [1][-]{section*.1}{\376\377\000T\000a\000b\000l\000e\000\040\000d\000e\000s\000\040\000m\000a\000t\000i\000\350\000r\000e\000s}{}% 1
\BOOKMARK [1][-]{section.1}{\376\377\000C\000o\000n\000t\000e\000x\000t\000e\000\040\000/\000\040\000I\000n\000t\000r\000o\000d\000u\000c\000t\000i\000o\000n}{}% 2
\BOOKMARK [1][-]{section.2}{\376\377\000M\000i\000s\000s\000i\000o\000n\000\040\000I\000m\000p\000o\000s\000s\000i\000b\000l\000e}{}% 3
\BOOKMARK [2][-]{subsection.2.1}{\376\377\000P\000r\000\351\000s\000e\000n\000t\000a\000t\000i\000o\000n\000\040\000d\000u\000\040\000C\000T\000F}{section.2}% 4
\BOOKMARK [2][-]{subsection.2.2}{\376\377\000E\000t\000a\000p\000e\000s\000\040\000d\000u\000\040\000c\000h\000a\000l\000l\000e\000n\000g\000e}{section.2}% 5
\BOOKMARK [2][-]{subsection.2.3}{\376\377\000A\000r\000b\000o\000r\000a\000i\000s\000s\000a\000n\000c\000e\000\040\000d\000u\000\040\000p\000r\000o\000j\000e\000t}{section.2}% 6
\BOOKMARK [2][-]{subsection.2.4}{\376\377\000M\000i\000s\000e\000\040\000e\000n\000\040\000p\000l\000a\000c\000e\000\040\000d\000u\000\040\000c\000h\000a\000l\000l\000e\000n\000g\000e\000\040\000M\000i\000s\000s\000i\000o\000n\000\040\000I\000m\000p\000o\000s\000s\000i\000b\000l\000e}{section.2}% 7
\BOOKMARK [3][-]{subsubsection.2.4.1}{\376\377\000L\000i\000s\000t\000e\000\040\000d\000e\000s\000\040\000\351\000l\000e\000m\000e\000n\000t\000s\000\040\000p\000o\000u\000r\000\040\000m\000e\000t\000t\000r\000e\000\040\000e\000n\000\040\000p\000l\000a\000c\000e\000\040\000l\000e\000\040\000s\000y\000s\000t\000\350\000m\000e}{subsection.2.4}% 8
\BOOKMARK [3][-]{subsubsection.2.4.2}{\376\377\000M\000e\000t\000t\000r\000e\000\040\000e\000n\000\040\000p\000l\000a\000c\000e\000\040\000l\000e\000\040\000r\000\351\000s\000e\000a\000u}{subsection.2.4}% 9
\BOOKMARK [3][-]{subsubsection.2.4.3}{\376\377\000M\000e\000t\000t\000r\000e\000\040\000e\000n\000\040\000p\000l\000a\000c\000e\000\040\000l\000a\000\040\000c\000a\000m\000\351\000r\000a}{subsection.2.4}% 10
\BOOKMARK [3][-]{subsubsection.2.4.4}{\376\377\000M\000e\000t\000t\000r\000e\000\040\000e\000n\000\040\000p\000l\000a\000c\000e\000\040\000l\000a\000\040\000p\000r\000o\000t\000e\000c\000t\000i\000o\000n\000\040\000d\000e\000\040\000l\000a\000\040\000c\000a\000m\000\351\000r\000a}{subsection.2.4}% 11
\BOOKMARK [3][-]{subsubsection.2.4.5}{\376\377\000M\000e\000t\000t\000r\000e\000\040\000e\000n\000\040\000p\000l\000a\000c\000e\000\040\000l\000a\000\040\000c\000a\000r\000t\000e\000\040\000A\000r\000d\000u\000i\000n\000o\000\040\000M\000E\000G\000A}{subsection.2.4}% 12
\BOOKMARK [2][-]{subsection.2.5}{\376\377\000S\000o\000l\000u\000t\000i\000o\000n\000s}{section.2}% 13
\BOOKMARK [3][-]{subsubsection.2.5.1}{\376\377\000I\000n\000f\000i\000l\000t\000r\000a\000t\000i\000o\000n\000\040\000d\000a\000n\000s\000\040\000l\000e\000\040\000r\000e\000s\000e\000a\000u\000\040\000W\000I\000F\000I}{subsection.2.5}% 14
\BOOKMARK [3][-]{subsubsection.2.5.2}{\376\377\000S\000c\000a\000n\000\040\000d\000u\000\040\000r\000\351\000s\000e\000a\000u}{subsection.2.5}% 15
\BOOKMARK [3][-]{subsubsection.2.5.3}{\376\377\000A\000t\000t\000a\000q\000u\000e\000\040\000s\000u\000r\000\040\000l\000a\000\040\000c\000a\000m\000e\000r\000a}{subsection.2.5}% 16
\BOOKMARK [3][-]{subsubsection.2.5.4}{\376\377\000A\000t\000t\000a\000q\000u\000e\000\040\000s\000u\000r\000\040\000l\000e\000\040\000l\000e\000c\000t\000e\000u\000r\000\040\000d\000e\000\040\000c\000a\000r\000t\000e}{subsection.2.5}% 17
\BOOKMARK [1][-]{section.3}{\376\377\000C\000r\000\351\000a\000t\000i\000o\000n\000\040\000d\000'\000u\000n\000\040\000k\000e\000y\000l\000o\000g\000g\000e\000r}{}% 18
\BOOKMARK [1][-]{section.4}{\376\377\000M\000i\000n\000i\000\040\000p\000r\000o\000j\000e\000t\000\040\000r\000a\000d\000i\000o}{}% 19
\BOOKMARK [1][-]{section*.174}{\376\377\000R\000\351\000f\000\351\000r\000e\000n\000c\000e\000s}{}% 20
